<?xml version="1.0" encoding="UTF-8"?>
<!-- Generated by org.testng.reporters.JUnitReportReporter -->
<testsuite skipped="0" hostname="LAPTOP-NK0NC7FT" name="ayushiagarwal.Tests.SubmitOrderTest" tests="4" failures="0" timestamp="20 Nov 2022 08:09:45 GMT" time="94.469" errors="0">
  <testcase name="submitOrder" time="20.963" classname="ayushiagarwal.Tests.SubmitOrderTest"/>
  <testcase name="orderHistoryTest" time="5.166" classname="ayushiagarwal.Tests.SubmitOrderTest"/>
  <testcase name="orderHistoryTest" time="31.273" classname="ayushiagarwal.Tests.SubmitOrderTest"/>
  <testcase name="submitOrder" time="37.067" classname="ayushiagarwal.Tests.SubmitOrderTest"/>
</testsuite> <!-- ayushiagarwal.Tests.SubmitOrderTest -->
