<?xml version="1.0" encoding="UTF-8"?>
<!-- Generated by org.testng.reporters.JUnitReportReporter -->
<testsuite skipped="0" hostname="LAPTOP-NK0NC7FT" name="ayushiagarwal.Tests.ErrorValidationsTest" tests="2" failures="0" timestamp="20 Nov 2022 08:09:45 GMT" time="60.238" errors="0">
  <testcase name="loginValidation" time="32.327" classname="ayushiagarwal.Tests.ErrorValidationsTest"/>
  <testcase name="productValidation" time="27.911" classname="ayushiagarwal.Tests.ErrorValidationsTest"/>
</testsuite> <!-- ayushiagarwal.Tests.ErrorValidationsTest -->
