<?xml version="1.0" encoding="UTF-8"?>
<!-- Generated by org.testng.reporters.JUnitReportReporter -->
<testsuite hostname="LAPTOP-NK0NC7FT" failures="0" tests="3" name="excelDriven.excelDataProvider.dataProvider" time="0.016" errors="0" timestamp="13 Nov 2022 16:19:26 GMT" skipped="0">
  <testcase classname="excelDriven.excelDataProvider.dataProvider" name="testCaseData" time="0.013"/>
  <testcase classname="excelDriven.excelDataProvider.dataProvider" name="testCaseData" time="0.001"/>
  <testcase classname="excelDriven.excelDataProvider.dataProvider" name="testCaseData" time="0.002"/>
</testsuite> <!-- excelDriven.excelDataProvider.dataProvider -->
