<?xml version="1.0" encoding="UTF-8"?>
<!-- Generated by org.testng.reporters.JUnitReportReporter -->
<testsuite hostname="LAPTOP-NK0NC7FT" failures="0" tests="1" name="test.TestNG" time="0.001" errors="0" timestamp="2022-11-04T02:47:39 IST" skipped="0">
  <testcase classname="test.TestNG" name="Demo" time="0.001"/>
  <system-out/>
</testsuite> <!-- test.TestNG -->
