<?xml version="1.0" encoding="UTF-8"?>
<!-- Generated by org.testng.reporters.JUnitReportReporter -->
<testsuite hostname="LAPTOP-NK0NC7FT" failures="0" tests="1" name="test.Testing" time="0.004" errors="0" timestamp="2022-11-04T02:47:39 IST" skipped="0">
  <testcase classname="test.Testing" name="Demo1" time="0.004"/>
  <system-out/>
</testsuite> <!-- test.Testing -->
