<?xml version="1.0" encoding="UTF-8"?>
<!-- Generated by org.testng.reporters.JUnitReportReporter -->
<testsuite hostname="LAPTOP-NK0NC7FT" failures="0" tests="4" name="test.Test3" time="0.010" errors="0" timestamp="2022-11-04T17:51:32 IST" skipped="0">
  <testcase classname="test.Test3" name="Owl" time="0.006"/>
  <system-out/>
  <testcase classname="test.Test3" name="Waste" time="0.001"/>
  <system-out/>
  <testcase classname="test.Test3" name="Ant" time="0.001"/>
  <system-out/>
  <testcase classname="test.Test3" name="Animal" time="0.002"/>
  <system-out/>
</testsuite> <!-- test.Test3 -->
