<?xml version="1.0" encoding="UTF-8"?>
<!-- Generated by org.testng.reporters.JUnitReportReporter -->
<testsuite hostname="LAPTOP-NK0NC7FT" failures="0" tests="7" name="test.Test1" time="0.019" errors="0" timestamp="2022-11-08T23:50:14 IST" skipped="1">
  <testcase classname="test.Test1" name="aPILogin" time="0.002"/>
  <system-out/>
  <testcase classname="test.Test1" name="MobileSignIn" time="0.005"/>
  <system-out/>
  <testcase classname="test.Test1" name="MobileSignOut" time="0.009"/>
  <system-out/>
  <testcase classname="test.Test1" name="WebLogin" time="0.001"/>
  <system-out/>
  <testcase classname="test.Test1" name="WebLogin" time="0.001"/>
  <system-out/>
  <testcase classname="test.Test1" name="WebLogin" time="0.001"/>
  <system-out/>
  <testcase classname="test.Test1" name="MobileLogin">
    <skipped/>
  </testcase> <!-- MobileLogin -->
  <system-out/>
</testsuite> <!-- test.Test1 -->
