<?xml version="1.0" encoding="UTF-8"?>
<!-- Generated by org.testng.reporters.JUnitReportReporter -->
<testsuite hostname="LAPTOP-NK0NC7FT" failures="0" tests="1" name="ListNames" time="0.009" errors="0" timestamp="2022-10-31T00:39:36 IST" skipped="0">
  <testcase classname="ListNames" name="streamCollect" time="0.009"/>
  <system-out/>
</testsuite> <!-- ListNames -->
