<?xml version="1.0" encoding="UTF-8"?>
<!-- Generated by org.testng.reporters.JUnitReportReporter -->
<testsuite hostname="LAPTOP-NK0NC7FT" failures="0" tests="1" name="ayushiagarwal.Tests.ErrorValidations" time="10.784" errors="0" timestamp="2022-11-08T02:53:26 IST" skipped="0">
  <testcase classname="ayushiagarwal.Tests.ErrorValidations" name="SubmitOrder" time="10.784"/>
  <system-out/>
</testsuite> <!-- ayushiagarwal.Tests.ErrorValidations -->
