<?xml version="1.0" encoding="UTF-8"?>
<!-- Generated by org.testng.reporters.JUnitReportReporter -->
<testsuite hostname="LAPTOP-NK0NC7FT" failures="0" tests="2" name="ayushiagarwal.Tests.SubmitOrderTest" time="38.571" errors="0" timestamp="2022-11-11T02:04:11 IST" skipped="0">
  <testcase classname="ayushiagarwal.Tests.SubmitOrderTest" name="submitOrder" time="20.785"/>
  <system-out/>
  <testcase classname="ayushiagarwal.Tests.SubmitOrderTest" name="submitOrder" time="17.786"/>
  <system-out/>
</testsuite> <!-- ayushiagarwal.Tests.SubmitOrderTest -->
