<?xml version="1.0" encoding="UTF-8"?>
<!-- Generated by org.testng.reporters.JUnitReportReporter -->
<testsuite hostname="LAPTOP-NK0NC7FT" failures="0" tests="1" name="ayushiagarwal.ExtentReports.ExtentReportDemo" time="22.360" errors="0" timestamp="2022-11-09T23:28:36 IST" skipped="0">
  <testcase classname="ayushiagarwal.ExtentReports.ExtentReportDemo" name="initialDemo" time="22.360"/>
  <system-out/>
</testsuite> <!-- ayushiagarwal.ExtentReports.ExtentReportDemo -->
